<?xml version="1.0" encoding="UTF-8"?>
<testng-results ignored="0" total="1" passed="1" failed="0" skipped="0">
  <reporter-output>
  </reporter-output>
  <suite started-at="2019-12-18T01:07:03 IST" name="Suite1" finished-at="2019-12-18T01:07:23 IST" duration-ms="19799">
    <groups>
    </groups>
    <test started-at="2019-12-18T01:07:03 IST" name="Test1" finished-at="2019-12-18T01:07:23 IST" duration-ms="19799">
      <class name="testNG.addbook">
        <test-method is-config="true" signature="launch()[pri:0, instance:testNG.addbook@6a01e23]" started-at="2019-12-18T01:07:03 IST" name="launch" finished-at="2019-12-18T01:07:17 IST" duration-ms="13249" status="PASS">
          <reporter-output>
          </reporter-output>
        </test-method> <!-- launch -->
        <test-method signature="addbookfunc()[pri:0, instance:testNG.addbook@6a01e23]" started-at="2019-12-18T01:07:17 IST" name="addbookfunc" finished-at="2019-12-18T01:07:19 IST" duration-ms="2367" status="PASS">
          <reporter-output>
          </reporter-output>
        </test-method> <!-- addbookfunc -->
        <test-method is-config="true" signature="close()[pri:0, instance:testNG.addbook@6a01e23]" started-at="2019-12-18T01:07:19 IST" name="close" finished-at="2019-12-18T01:07:23 IST" duration-ms="4135" status="PASS">
          <reporter-output>
          </reporter-output>
        </test-method> <!-- close -->
      </class> <!-- testNG.addbook -->
    </test> <!-- Test1 -->
  </suite> <!-- Suite1 -->
</testng-results>
